<?xml version="1.0" encoding="UTF-8"?>
<!-- Generated by org.testng.reporters.JUnitReportReporter -->
<testsuite skipped="0" hostname="Gana-PC" name="testcases.LoginPagetestcase" tests="1" failures="0" timestamp="13 Apr 2020 05:34:30 GMT" time="20.093" errors="0">
  <testcase name="login" time="20.093" classname="testcases.LoginPagetestcase"/>
</testsuite> <!-- testcases.LoginPagetestcase -->
