<?xml version="1.0" encoding="UTF-8"?>
<!-- Generated by org.testng.reporters.JUnitReportReporter -->
<testsuite skipped="0" hostname="Gana-PC" name="testcases.TimePageTestcase" tests="1" failures="0" timestamp="13 Apr 2020 07:32:51 GMT" time="17.992" errors="0">
  <testcase name="timepage" time="17.992" classname="testcases.TimePageTestcase"/>
</testsuite> <!-- testcases.TimePageTestcase -->
